<?xml version="1.0" encoding="UTF-8"?>
<testsuite xmlns:xsi="http://www.w3.org/2001/XMLSchema-instance" xsi:noNamespaceSchemaLocation="https://maven.apache.org/surefire/maven-surefire-plugin/xsd/surefire-test-report-3.0.xsd" version="3.0" name="com.mountedge.ecommerce.UserRoleTest" time="17.176" tests="1" errors="0" skipped="0" failures="0">
  <properties>
[...]
</properties>
  <testcase name="listRoles" classname="com.mountedge.ecommerce.UserRoleTest" time="0.85">
    <system-out><![CDATA[23:22:58.872 [main] INFO org.springframework.test.context.support.AnnotationConfigContextLoaderUtils -- Could not detect default configuration classes for test class [com.mountedge.ecommerce.UserRoleTest]: UserRoleTest does not declare any static, non-private, non-final, nested classes annotated with @Configuration.
23:22:59.080 [main] INFO org.springframework.boot.test.context.SpringBootTestContextBootstrapper -- Found @SpringBootConfiguration com.mountedge.ecommerce.MountEdgeApplication for test class com.mountedge.ecommerce.UserRoleTest

  .   ____          _            __ _ _
 /\\ / ___'_ __ _ _(_)_ __  __ _ \ \ \ \
( ( )\___ | '_ | '_| | '_ \/ _` | \ \ \ \
 \\/  ___)| |_)| | | | | || (_| |  ) ) ) )
  '  |____| .__|_| |_|_| |_\__, | / / / /
 =========|_|==============|___/=/_/_/_/
 :: Spring Boot ::                (v3.2.4)

2026-04-26T23:22:59.712+05:30  INFO 11448 --- [           main] com.mountedge.ecommerce.UserRoleTest     : Starting UserRoleTest using Java 25.0.1 with PID 11448 (started by Shlok Shinde in C:\Users\Shlok Shinde\Documents\EngineeringSY\Sem4\OOPS\CP\E-commerce-website)
2026-04-26T23:22:59.714+05:30  INFO 11448 --- [           main] com.mountedge.ecommerce.UserRoleTest     : No active profile set, falling back to 1 default profile: "default"
2026-04-26T23:23:01.525+05:30  INFO 11448 --- [           main] .s.d.r.c.RepositoryConfigurationDelegate : Bootstrapping Spring Data JPA repositories in DEFAULT mode.
2026-04-26T23:23:01.840+05:30  INFO 11448 --- [           main] .s.d.r.c.RepositoryConfigurationDelegate : Finished Spring Data repository scanning in 291 ms. Found 14 JPA repository interfaces.
2026-04-26T23:23:02.729+05:30  INFO 11448 --- [           main] com.zaxxer.hikari.HikariDataSource       : HikariPool-1 - Starting...
2026-04-26T23:23:03.105+05:30  INFO 11448 --- [           main] com.zaxxer.hikari.pool.HikariPool        : HikariPool-1 - Added connection com.mysql.cj.jdbc.ConnectionImpl@30bbcf91
2026-04-26T23:23:03.110+05:30  INFO 11448 --- [           main] com.zaxxer.hikari.HikariDataSource       : HikariPool-1 - Start completed.
2026-04-26T23:23:03.408+05:30  INFO 11448 --- [           main] o.hibernate.jpa.internal.util.LogHelper  : HHH000204: Processing PersistenceUnitInfo [name: default]
2026-04-26T23:23:03.607+05:30  INFO 11448 --- [           main] org.hibernate.Version                    : HHH000412: Hibernate ORM core version 6.4.4.Final
2026-04-26T23:23:03.688+05:30  INFO 11448 --- [           main] o.h.c.internal.RegionFactoryInitiator    : HHH000026: Second-level cache disabled
2026-04-26T23:23:04.205+05:30  INFO 11448 --- [           main] o.s.o.j.p.SpringPersistenceUnitInfo      : No LoadTimeWeaver setup: ignoring JPA class transformer
2026-04-26T23:23:04.293+05:30  WARN 11448 --- [           main] org.hibernate.dialect.Dialect            : HHH000511: The 5.6.19 version for [org.hibernate.dialect.MySQLDialect] is no longer supported, hence certain features may not work properly. The minimum supported version is 8.0.0. Check the community dialects project for available legacy versions.
2026-04-26T23:23:04.302+05:30  WARN 11448 --- [           main] org.hibernate.orm.deprecation            : HHH90000025: MySQLDialect does not need to be specified explicitly using 'hibernate.dialect' (remove the property setting and it will be selected by default)
2026-04-26T23:23:08.918+05:30  INFO 11448 --- [           main] o.h.e.t.j.p.i.JtaPlatformInitiator       : HHH000489: No JTA platform available (set 'hibernate.transaction.jta.platform' to enable JTA platform integration)
2026-04-26T23:23:09.253+05:30  INFO 11448 --- [           main] j.LocalContainerEntityManagerFactoryBean : Initialized JPA EntityManagerFactory for persistence unit 'default'
2026-04-26T23:23:10.241+05:30  INFO 11448 --- [           main] o.s.d.j.r.query.QueryEnhancerFactory     : Hibernate is in classpath; If applicable, HQL parser will be used.
2026-04-26T23:23:11.806+05:30  WARN 11448 --- [           main] JpaBaseConfiguration$JpaWebConfiguration : spring.jpa.open-in-view is enabled by default. Therefore, database queries may be performed during view rendering. Explicitly configure spring.jpa.open-in-view to disable this warning
2026-04-26T23:23:11.986+05:30  INFO 11448 --- [           main] o.s.b.a.w.s.WelcomePageHandlerMapping    : Adding welcome page: class path resource [static/index.html]
2026-04-26T23:23:12.738+05:30  INFO 11448 --- [           main] o.s.s.web.DefaultSecurityFilterChain     : Will secure any request with [org.springframework.security.web.session.DisableEncodeUrlFilter@3e1f6318, org.springframework.security.web.context.request.async.WebAsyncManagerIntegrationFilter@23182d4d, org.springframework.security.web.context.SecurityContextHolderFilter@5f6e6902, org.springframework.security.web.header.HeaderWriterFilter@3110bb19, org.springframework.web.filter.CorsFilter@22ca5fe1, org.springframework.security.web.authentication.logout.LogoutFilter@1f6af096, com.mountedge.ecommerce.config.AuthTokenFilter@4bba2704, org.springframework.security.web.savedrequest.RequestCacheAwareFilter@5697f801, org.springframework.security.web.servletapi.SecurityContextHolderAwareRequestFilter@15382815, org.springframework.security.web.authentication.AnonymousAuthenticationFilter@45cd5c56, org.springframework.security.web.session.SessionManagementFilter@7f1e946f, org.springframework.security.web.access.ExceptionTranslationFilter@1077a7, org.springframework.security.web.access.intercept.AuthorizationFilter@3a44ebd5]
2026-04-26T23:23:13.549+05:30  INFO 11448 --- [           main] com.mountedge.ecommerce.UserRoleTest     : Started UserRoleTest in 14.231 seconds (process running for 17.232)
Hibernate: 
    select
        u1_0.user_id 
    from
        users u1_0 
    where
        u1_0.email=? 
    limit
        ?
Hibernate: 
    select
        count(*) 
    from
        categories c1_0
Hibernate: 
    select
        count(*) 
    from
        products p1_0
Hibernate: 
    select
        u1_0.user_id,
        u1_0.email,
        u1_0.name,
        u1_0.password_hash,
        u1_0.role 
    from
        users u1_0
Hibernate: 
    select
        w1_0.wishlist_id,
        w1_0.user_id 
    from
        wishlist w1_0 
    where
        w1_0.user_id=?
Hibernate: 
    select
        w1_0.wishlist_id,
        w1_0.user_id 
    from
        wishlist w1_0 
    where
        w1_0.user_id=?
Hibernate: 
    select
        w1_0.wishlist_id,
        w1_0.user_id 
    from
        wishlist w1_0 
    where
        w1_0.user_id=?
Hibernate: 
    select
        w1_0.wishlist_id,
        w1_0.user_id 
    from
        wishlist w1_0 
    where
        w1_0.user_id=?
--- USER ROLES START ---
admin@mountedge.com : ROLE_USER
johndoe@gmail.com : ROLE_USER
testuser@example.com : ROLE_USER
jonhdoe@gmail.com : ROLE_USER
--- USER ROLES END ---
]]></system-out>
    <system-err><![CDATA[WARNING: A Java agent has been loaded dynamically (C:\Users\Shlok Shinde\.m2\repository\net\bytebuddy\byte-buddy-agent\1.14.12\byte-buddy-agent-1.14.12.jar)
WARNING: If a serviceability tool is in use, please run with -XX:+EnableDynamicAgentLoading to hide this warning
WARNING: If a serviceability tool is not in use, please run with -Djdk.instrument.traceUsage for more information
WARNING: Dynamic loading of agents will be disallowed by default in a future release
]]></system-err>
  </testcase>
</testsuite>